\BOOKMARK [1][-]{section.1}{\376\377\213\376\230\230\116\313\176\315}{}% 1
\BOOKMARK [2][-]{subsection.1.1}{\376\377\213\376\230\230\116\313\176\315}{section.1}% 2
\BOOKMARK [2][-]{subsection.1.2}{\376\377\213\376\230\230\173\200\116\313}{section.1}% 3
\BOOKMARK [1][-]{section.2}{\376\377\164\006\213\272\122\006\147\220}{}% 4
\BOOKMARK [2][-]{subsection.2.1}{\376\377\116\000\202\054\140\047\123\237\164\006\116\313\176\315}{section.2}% 5
\BOOKMARK [3][-]{subsubsection.2.1.1}{\376\377\122\006\147\220\153\145\232\244}{subsection.2.1}% 6
\BOOKMARK [3][-]{subsubsection.2.1.2}{\376\377\201\352\165\061\136\246\116\072\000s\140\305\121\265\166\204\122\006\147\220}{subsection.2.1}% 7
\BOOKMARK [2][-]{subsection.2.2}{\376\377\121\167\117\123\164\006\213\272\165\037\142\020}{section.2}% 8
\BOOKMARK [3][-]{subsubsection.2.2.1}{\376\377\133\236\117\213\174\373\176\337\116\313\176\315}{subsection.2.2}% 9
\BOOKMARK [3][-]{subsubsection.2.2.2}{\376\377\133\371\116\216\170\024\172\166\133\371\214\141\166\204\133\236\226\105\122\006\147\220}{subsection.2.2}% 10
\BOOKMARK [1][-]{section.3}{\376\377\145\160\120\074\213\241\173\227}{}% 11
\BOOKMARK [2][-]{subsection.3.1}{\376\377\213\241\173\227\140\035\215\357}{section.3}% 12
\BOOKMARK [2][-]{subsection.3.2}{\376\377\213\241\173\227\133\236\163\260}{section.3}% 13
\BOOKMARK [3][-]{subsubsection.3.2.1}{\376\377\000G\000e\000r\000s\000h\000g\000o\000r\000i\000n\127\006\166\330\133\232\164\006\122\044\145\255\147\054\137\201\230\221\163\207\166\204\203\003\126\364}{subsection.3.2}% 14
\BOOKMARK [3][-]{subsubsection.3.2.2}{\376\377\000J\000a\000c\000o\000b\000i\000\040\145\271\154\325\154\102\211\343\147\054\137\201\230\221\163\207\116\016\147\054\137\201\167\342}{subsection.3.2}% 15
\BOOKMARK [3][-]{subsubsection.3.2.3}{\376\377\122\035\120\074\213\250\213\272}{subsection.3.2}% 16
\BOOKMARK [3][-]{subsubsection.3.2.4}{\376\377\217\320\122\250\162\266\140\001\116\016\126\376\120\317\176\331\121\372}{subsection.3.2}% 17
\BOOKMARK [2][-]{subsection.3.3}{\376\377\213\241\173\227\176\323\147\234}{section.3}% 18
\BOOKMARK [2][-]{subsection.3.4}{\376\377\176\323\147\234\116\016\213\250\213\272}{section.3}% 19
\BOOKMARK [3][-]{subsubsection.3.4.1}{\376\377\176\323\147\234\226\110\122\027}{subsection.3.4}% 20
\BOOKMARK [3][-]{subsubsection.3.4.2}{\376\377\133\371\171\360\140\047\213\250\213\272}{subsection.3.4}% 21
\BOOKMARK [3][-]{subsubsection.3.4.3}{\376\377\000q\000u\000e\000s\000t\000i\000o\000n\377\032\131\202\117\125\157\300\155\073\162\171\133\232\230\221\163\207}{subsection.3.4}% 22
\BOOKMARK [2][-]{subsection.3.5}{\376\377\131\032\201\352\165\061\136\246\122\006\147\220}{section.3}% 23
\BOOKMARK [3][-]{subsubsection.3.5.1}{\376\377\131\032\201\352\165\061\136\246\140\305\121\265\167\351\226\065\165\037\142\020}{subsection.3.5}% 24
\BOOKMARK [3][-]{subsubsection.3.5.2}{\376\377\131\032\201\352\165\061\136\246\147\054\137\201\154\102\211\343}{subsection.3.5}% 25
\BOOKMARK [1][-]{section.4}{\376\377\225\356\230\230\122\006\147\220\116\016\143\242\213\250}{}% 26
\BOOKMARK [2][-]{subsection.4.1}{\376\377\225\356\230\230\151\202\217\360\116\016\211\343\121\263}{section.4}% 27
\BOOKMARK [3][-]{subsubsection.4.1.1}{\376\377\147\054\137\201\124\021\221\317\166\204\154\102\121\372}{subsection.4.1}% 28
\BOOKMARK [3][-]{subsubsection.4.1.2}{\376\377\174\276\136\246\225\356\230\230}{subsection.4.1}% 29
\BOOKMARK [3][-]{subsubsection.4.1.3}{\376\377\122\035\120\074\213\241\173\227}{subsection.4.1}% 30
\BOOKMARK [3][-]{subsubsection.4.1.4}{\376\377\145\366\225\364\131\015\147\102\136\246\217\307\232\330}{subsection.4.1}% 31
\BOOKMARK [3][-]{subsubsection.4.1.5}{\376\377\162\151\164\006\141\017\116\111\116\015\146\016\170\156}{subsection.4.1}% 32
\BOOKMARK [2][-]{subsection.4.2}{\376\377\211\343\147\220\154\102\211\343\133\371\153\324}{section.4}% 33
\BOOKMARK [1][-]{section.5}{\376\377\140\073\176\323}{}% 34
\BOOKMARK [1][-]{section.6}{\376\377\226\104\137\125}{}% 35
\BOOKMARK [2][-]{subsection.a..1}{\376\377\121\150\220\350\172\013\136\217\133\236\163\260}{section.6}% 36
\BOOKMARK [3][-]{subsubsection.a..1.1}{\376\377\000G\000e\000r\000s\000c\000h\000g\000o\000r\000i\000n\127\006\166\330}{subsection.a..1}% 37
\BOOKMARK [3][-]{subsubsection.a..1.2}{\376\377\0005\201\352\165\061\136\246\000+\165\073\126\376\000+\152\041\137\017\126\376}{subsection.a..1}% 38
\BOOKMARK [3][-]{subsubsection.a..1.3}{\376\377\000N\201\352\165\061\136\246}{subsection.a..1}% 39
\BOOKMARK [3][-]{subsubsection.a..1.4}{\376\377\000N\201\352\165\061\136\246\000+\165\073\126\376\000\050\165\050\000n\000u\000m\000p\000y\147\054\137\201\120\074\121\375\145\160\000\051}{subsection.a..1}% 40
\BOOKMARK [3][-]{subsubsection.a..1.5}{\376\377\000N\201\352\165\061\136\246\000+\165\073\126\376\000\050\147\052\165\050\000n\000u\000m\000p\000y\147\054\137\201\120\074\121\375\145\160\000\051}{subsection.a..1}% 41
\BOOKMARK [3][-]{subsubsection.a..1.6}{\376\377\232\173\154\342\165\073\126\376}{subsection.a..1}% 42
\BOOKMARK [3][-]{subsubsection.a..1.7}{\376\377\147\054\137\201\120\074\000-\201\352\165\061\136\246\211\343\147\220\165\073\126\376}{subsection.a..1}% 43
\BOOKMARK [2][-]{subsection.a..2}{\376\377\126\372\133\232\217\271\165\114\147\141\116\366\116\013\166\204\116\000\176\364\123\237\133\120\224\376\166\204\226\306\117\123\143\057\122\250\152\041\137\017\166\204\143\250\133\374}{section.6}% 44
