\BOOKMARK [1][-]{section.1}{\376\377\213\376\230\230\116\313\176\315}{}% 1
\BOOKMARK [2][-]{subsection.1.1}{\376\377\122\006\133\120\143\057\122\250\200\375\176\247}{section.1}% 2
\BOOKMARK [2][-]{subsection.1.2}{\376\377\213\376\230\230\121\205\133\271}{section.1}% 3
\BOOKMARK [1][-]{section.2}{\376\377\164\006\213\272\122\006\147\220}{}% 4
\BOOKMARK [2][-]{subsection.2.1}{\376\377\123\237\164\006\116\313\176\315}{section.2}% 5
\BOOKMARK [3][-]{subsubsection.2.1.1}{\376\377\000B\000o\000h\000r\166\204\133\232\140\001\200\375\176\247\120\107\213\276}{subsection.2.1}% 6
\BOOKMARK [3][-]{subsubsection.2.1.2}{\376\377\123\237\133\120\150\070\122\277\200\375}{subsection.2.1}% 7
\BOOKMARK [2][-]{subsection.2.2}{\376\377\164\006\213\272\165\037\142\020}{section.2}% 8
\BOOKMARK [3][-]{subsubsection.2.2.1}{\376\377\173\200\123\026\152\041\127\213}{subsection.2.2}% 9
\BOOKMARK [3][-]{subsubsection.2.2.2}{\376\377\164\006\213\272\165\037\142\020}{subsection.2.2}% 10
\BOOKMARK [1][-]{section.3}{\376\377\145\160\120\074\213\241\173\227}{}% 11
\BOOKMARK [2][-]{subsection.3.1}{\376\377\213\241\173\227\140\035\215\357}{section.3}% 12
\BOOKMARK [2][-]{subsection.3.2}{\376\377\213\241\173\227\133\236\163\260}{section.3}% 13
\BOOKMARK [3][-]{subsubsection.3.2.1}{\376\377\000N\000e\000w\000t\000o\000n\217\355\116\343\154\325\211\343\145\271\172\013}{subsection.3.2}% 14
\BOOKMARK [3][-]{subsubsection.3.2.2}{\376\377\000R\000o\000m\000b\000e\000r\000g\171\357\122\006}{subsection.3.2}% 15
\BOOKMARK [3][-]{subsubsection.3.2.3}{\376\377\163\034\211\343\147\232\116\076\154\325\211\343\116\015\133\232\145\271\172\013}{subsection.3.2}% 16
\BOOKMARK [2][-]{subsection.3.3}{\376\377\213\241\173\227\176\323\147\234}{section.3}% 17
\BOOKMARK [2][-]{subsection.3.4}{\376\377\176\323\147\234\153\324\217\203}{section.3}% 18
\BOOKMARK [1][-]{section.4}{\376\377\225\356\230\230\122\006\147\220}{}% 19
\BOOKMARK [2][-]{subsection.4.1}{\376\377\225\356\230\230\116\247\165\037}{section.4}% 20
\BOOKMARK [2][-]{subsection.4.2}{\376\377\211\343\121\263\145\271\150\110}{section.4}% 21
\BOOKMARK [1][-]{appendix.a.A}{\376\377\121\150\220\350\172\013\136\217\133\236\163\260}{}% 22
\BOOKMARK [2][-]{subsection.a.A.1}{\376\377\000L\000e\000n\000n\000a\000r\000d\000-\000J\000o\000n\000e\000s\122\277\164\006\213\272\172\013\136\217\133\236\163\260}{appendix.a.A}% 23
\BOOKMARK [2][-]{subsection.a.A.2}{\376\377\000M\000o\000r\000s\000e\122\277\164\006\213\272\172\013\136\217\133\236\163\260}{appendix.a.A}% 24
\BOOKMARK [1][-]{appendix.a.B}{\376\377\126\376\162\107\176\323\147\234\217\223\121\372}{}% 25
\BOOKMARK [2][-]{subsection.a.B.1}{\376\377\000H\0002\122\006\133\120\143\057\122\250\200\375\176\247}{appendix.a.B}% 26
\BOOKMARK [3][-]{subsubsection.a.B.1.1}{\376\377\000L\000e\000n\000n\000a\000r\000d\000-\000J\000o\000n\000e\000s\122\277}{subsection.a.B.1}% 27
\BOOKMARK [3][-]{subsubsection.a.B.1.2}{\376\377\000M\000o\000r\000s\000e\122\277}{subsection.a.B.1}% 28
\BOOKMARK [2][-]{subsection.a.B.2}{\376\377\000D\000H\122\006\133\120\143\057\122\250\200\375\176\247}{appendix.a.B}% 29
\BOOKMARK [3][-]{subsubsection.a.B.2.1}{\376\377\000L\000e\000n\000n\000a\000r\000d\000-\000J\000o\000n\000e\000s\122\277}{subsection.a.B.2}% 30
\BOOKMARK [3][-]{subsubsection.a.B.2.2}{\376\377\000M\000o\000r\000s\000e\122\277}{subsection.a.B.2}% 31
\BOOKMARK [2][-]{subsection.a.B.3}{\376\377\000O\0002\122\006\133\120\143\057\122\250\200\375\176\247}{appendix.a.B}% 32
\BOOKMARK [3][-]{subsubsection.a.B.3.1}{\376\377\000L\000e\000n\000n\000a\000r\000d\000-\000J\000o\000n\000e\000s\122\277}{subsection.a.B.3}% 33
\BOOKMARK [3][-]{subsubsection.a.B.3.2}{\376\377\000M\000o\000r\000s\000e\122\277}{subsection.a.B.3}% 34
